---------------------------------------
Resource Usage Report for two_digit_counter 

Mapping to part: ice40hx1kvq100
Cell usage:
GND             4 uses
SB_CARRY        69 uses
SB_DFF          28 uses
SB_DFFSR        61 uses
SB_GB           3 uses
VCC             4 uses
SB_LUT4         130 uses

I/O ports: 17
I/O primitives: 17
SB_GB_IO       1 use
SB_IO          16 uses

I/O Register bits:                  0
Register bits not including I/Os:   89 (6%)

@S |Mapping Summary:
Total  LUTs: 130 (10%)

Distribution of All Consumed LUTs = LUT4 
Distribution of All Consumed Luts 130 = 130 

