* ******************************************************************************

* iCEcube Packer

* Version:            2020.12.27943

* Build Date:         Dec  9 2020 17:31:51

* File Generated:     May 27 2022 01:00:11

* Purpose:            General info of design implementation

* Copyright (C) 2006-2010 by Lattice Semiconductor Corp. All rights reserved.

* ******************************************************************************

Command Line: C:\lscc\iCEcube2.2020.12\sbt_backend\bin\win32\opt\packer.exe  C:\lscc\iCEcube2.2020.12\sbt_backend\devices\ICE40P01.dev  D:/Verilog/Nandland_Go_Board_Projects/Projects/Two_Digit_Counter/Two_Digit_Counter_Implmnt\sbt\netlist\oadb-two_digit_counter  --package  VQ100  --outdir  D:/Verilog/Nandland_Go_Board_Projects/Projects/Two_Digit_Counter/Two_Digit_Counter_Implmnt\sbt\outputs\packer  --translator  C:\lscc\iCEcube2.2020.12\sbt_backend\bin\sdc_translator.tcl  --src_sdc_file  D:/Verilog/Nandland_Go_Board_Projects/Projects/Two_Digit_Counter/Two_Digit_Counter_Implmnt\sbt\outputs\placer\two_digit_counter_pl.sdc  --dst_sdc_file  D:/Verilog/Nandland_Go_Board_Projects/Projects/Two_Digit_Counter/Two_Digit_Counter_Implmnt\sbt\outputs\packer\two_digit_counter_pk.sdc  --devicename  iCE40HX1K  

***** Device Info *****
Chip: iCE40HX1K
Package: VQ100
Size: 12 X 16

***** Design Utilization Info *****
Design: two_digit_counter
Used Logic Cell: 141/1280
Used Logic Tile: 27/160
Used IO Cell:    17/112
Used Bram Cell For iCE40: 0/16
Used PLL For iCE40: 0/0
Ram Cascading Used: 0
Lut Cascading Used: 1

***** Clock Info *****
Clock Domain: i_Clk_c_g
Clock Source: i_clk 
Clock Driver: i_Clk_ibuf_gb_io (ICE_GB_IO)
Driver Position: (0, 8, 1)
Fanout to FF: 89
Fanout to Tile: 20


***** Placement Info *****
Logic cell utilization per tile
    . . . . + . . . . 1 . . . . 
   ----------------------------
17|                             
16|   1 5 0 1 0 0 0 0 0 0 0 0   
15|   0 0 0 8 0 0 0 0 0 0 0 0   
14|   3 8 0 8 5 0 0 1 0 0 0 0   
13|   8 7 0 8 8 1 6 8 0 0 0 0   
12|   0 0 0 2 6 1 5 8 0 0 0 0   
11|   0 0 0 0 3 0 0 2 0 0 0 0   
10|   0 0 0 6 8 0 0 0 0 0 0 0   
 9|   0 0 0 6 8 0 0 0 0 0 0 0   
 8|   0 0 0 0 0 0 0 0 0 0 0 0   
 7|   0 0 0 0 0 0 0 0 0 0 0 0   
 6|   0 0 0 0 0 0 0 0 0 0 0 0   
 5|   0 0 0 0 0 0 0 0 0 0 0 0   
 4|   0 0 0 0 0 0 0 0 0 0 0 0   
 3|   0 0 0 0 0 0 0 0 0 0 0 0   
 2|   0 0 0 0 0 0 0 0 0 0 0 0   
 1|   0 0 0 0 0 0 0 0 0 0 0 0   
 0|                             

Maximum number of Logic cells per logic tile: 8
Average number of Logic cells per logic tile: 5.22

***** Input Pin Density Info *****
Number of input nets per logic tile
     .  .  .  .  +  .  .  .  .  1  .  .  .  . 
   ------------------------------------------
17|                                           
16|     4  4  0  2  0  0  0  0  0  0  0  0    
15|     0  0  0 16  0  0  0  0  0  0  0  0    
14|     8 13  0 16 20  0  0  2  0  0  0  0    
13|    13 12  0 16  9  4 15 16  0  0  0  0    
12|     0  0  0  6  8  3 17 16  0  0  0  0    
11|     0  0  0  0  4  0  0  2  0  0  0  0    
10|     0  0  0 14 16  0  0  0  0  0  0  0    
 9|     0  0  0 17 16  0  0  0  0  0  0  0    
 8|     0  0  0  0  0  0  0  0  0  0  0  0    
 7|     0  0  0  0  0  0  0  0  0  0  0  0    
 6|     0  0  0  0  0  0  0  0  0  0  0  0    
 5|     0  0  0  0  0  0  0  0  0  0  0  0    
 4|     0  0  0  0  0  0  0  0  0  0  0  0    
 3|     0  0  0  0  0  0  0  0  0  0  0  0    
 2|     0  0  0  0  0  0  0  0  0  0  0  0    
 1|     0  0  0  0  0  0  0  0  0  0  0  0    
 0|                                           

Maximum number of input nets per logic tile: 20
Average number of input nets per logic tile: 10.70

Number of input pins per logic tile
     .  .  .  .  +  .  .  .  .  1  .  .  .  . 
   ------------------------------------------
17|                                           
16|     4 20  0  2  0  0  0  0  0  0  0  0    
15|     0  0  0 16  0  0  0  0  0  0  0  0    
14|    12 29  0 16 20  0  0  2  0  0  0  0    
13|    25 27  0 17  9  4 22 16  0  0  0  0    
12|     0  0  0  6 15  3 20 16  0  0  0  0    
11|     0  0  0  0  5  0  0  3  0  0  0  0    
10|     0  0  0 22 16  0  0  0  0  0  0  0    
 9|     0  0  0 24 16  0  0  0  0  0  0  0    
 8|     0  0  0  0  0  0  0  0  0  0  0  0    
 7|     0  0  0  0  0  0  0  0  0  0  0  0    
 6|     0  0  0  0  0  0  0  0  0  0  0  0    
 5|     0  0  0  0  0  0  0  0  0  0  0  0    
 4|     0  0  0  0  0  0  0  0  0  0  0  0    
 3|     0  0  0  0  0  0  0  0  0  0  0  0    
 2|     0  0  0  0  0  0  0  0  0  0  0  0    
 1|     0  0  0  0  0  0  0  0  0  0  0  0    
 0|                                           

Maximum number of input pins per logic tile: 29
Average number of input pins per logic tile: 14.33

***** Run Time Info *****
Run Time:  0
