* ******************************************************************************

* iCEcube Packer

* Version:            2020.12.27943

* Build Date:         Dec  9 2020 17:31:51

* File Generated:     Sep 9 2022 00:56:18

* Purpose:            General info of design implementation

* Copyright (C) 2006-2010 by Lattice Semiconductor Corp. All rights reserved.

* ******************************************************************************

Command Line: C:\lscc\iCEcube2.2020.12\sbt_backend\bin\win32\opt\packer.exe  C:\lscc\iCEcube2.2020.12\sbt_backend\devices\ICE40P01.dev  D:/Verilog/Nandland_Go_Board_Projects/Projects/UART_RX_Seven_Segment/UART_RX_Seven_Segment_Implmnt\sbt\netlist\oadb-UART_RX_Top  --package  VQ100  --outdir  D:/Verilog/Nandland_Go_Board_Projects/Projects/UART_RX_Seven_Segment/UART_RX_Seven_Segment_Implmnt\sbt\outputs\packer  --translator  C:\lscc\iCEcube2.2020.12\sbt_backend\bin\sdc_translator.tcl  --src_sdc_file  D:/Verilog/Nandland_Go_Board_Projects/Projects/UART_RX_Seven_Segment/UART_RX_Seven_Segment_Implmnt\sbt\outputs\placer\UART_RX_Top_pl.sdc  --dst_sdc_file  D:/Verilog/Nandland_Go_Board_Projects/Projects/UART_RX_Seven_Segment/UART_RX_Seven_Segment_Implmnt\sbt\outputs\packer\UART_RX_Top_pk.sdc  --devicename  iCE40HX1K  

***** Device Info *****
Chip: iCE40HX1K
Package: VQ100
Size: 12 X 16

***** Design Utilization Info *****
Design: UART_RX_Top
Used Logic Cell: 67/1280
Used Logic Tile: 12/160
Used IO Cell:    16/112
Used Bram Cell For iCE40: 0/16
Used PLL For iCE40: 0/0
Ram Cascading Used: 0
Lut Cascading Used: 1

***** Clock Info *****
Clock Domain: i_Clk_c_g
Clock Source: i_clk 
Clock Driver: i_Clk_ibuf_gb_io (ICE_GB_IO)
Driver Position: (0, 8, 1)
Fanout to FF: 36
Fanout to Tile: 11


***** Placement Info *****
Logic cell utilization per tile
    . . . . + . . . . 1 . . . . 
   ----------------------------
17|                             
16|   5 8 0 7 0 0 0 0 0 0 0 0   
15|   5 7 0 6 8 0 0 0 0 0 0 0   
14|   2 3 0 8 6 0 0 0 0 0 0 0   
13|   2 0 0 0 0 0 0 0 0 0 0 0   
12|   0 0 0 0 0 0 0 0 0 0 0 0   
11|   0 0 0 0 0 0 0 0 0 0 0 0   
10|   0 0 0 0 0 0 0 0 0 0 0 0   
 9|   0 0 0 0 0 0 0 0 0 0 0 0   
 8|   0 0 0 0 0 0 0 0 0 0 0 0   
 7|   0 0 0 0 0 0 0 0 0 0 0 0   
 6|   0 0 0 0 0 0 0 0 0 0 0 0   
 5|   0 0 0 0 0 0 0 0 0 0 0 0   
 4|   0 0 0 0 0 0 0 0 0 0 0 0   
 3|   0 0 0 0 0 0 0 0 0 0 0 0   
 2|   0 0 0 0 0 0 0 0 0 0 0 0   
 1|   0 0 0 0 0 0 0 0 0 0 0 0   
 0|                             

Maximum number of Logic cells per logic tile: 8
Average number of Logic cells per logic tile: 5.58

***** Input Pin Density Info *****
Number of input nets per logic tile
     .  .  .  .  +  .  .  .  .  1  .  .  .  . 
   ------------------------------------------
17|                                           
16|    11 10  0 13  0  0  0  0  0  0  0  0    
15|    12 16  0 16 16  0  0  0  0  0  0  0    
14|     4 10  0 14 16  0  0  0  0  0  0  0    
13|     4  0  0  0  0  0  0  0  0  0  0  0    
12|     0  0  0  0  0  0  0  0  0  0  0  0    
11|     0  0  0  0  0  0  0  0  0  0  0  0    
10|     0  0  0  0  0  0  0  0  0  0  0  0    
 9|     0  0  0  0  0  0  0  0  0  0  0  0    
 8|     0  0  0  0  0  0  0  0  0  0  0  0    
 7|     0  0  0  0  0  0  0  0  0  0  0  0    
 6|     0  0  0  0  0  0  0  0  0  0  0  0    
 5|     0  0  0  0  0  0  0  0  0  0  0  0    
 4|     0  0  0  0  0  0  0  0  0  0  0  0    
 3|     0  0  0  0  0  0  0  0  0  0  0  0    
 2|     0  0  0  0  0  0  0  0  0  0  0  0    
 1|     0  0  0  0  0  0  0  0  0  0  0  0    
 0|                                           

Maximum number of input nets per logic tile: 16
Average number of input nets per logic tile: 11.83

Number of input pins per logic tile
     .  .  .  .  +  .  .  .  .  1  .  .  .  . 
   ------------------------------------------
17|                                           
16|    17 28  0 26  0  0  0  0  0  0  0  0    
15|    17 24  0 18 17  0  0  0  0  0  0  0    
14|     8 11  0 25 23  0  0  0  0  0  0  0    
13|     8  0  0  0  0  0  0  0  0  0  0  0    
12|     0  0  0  0  0  0  0  0  0  0  0  0    
11|     0  0  0  0  0  0  0  0  0  0  0  0    
10|     0  0  0  0  0  0  0  0  0  0  0  0    
 9|     0  0  0  0  0  0  0  0  0  0  0  0    
 8|     0  0  0  0  0  0  0  0  0  0  0  0    
 7|     0  0  0  0  0  0  0  0  0  0  0  0    
 6|     0  0  0  0  0  0  0  0  0  0  0  0    
 5|     0  0  0  0  0  0  0  0  0  0  0  0    
 4|     0  0  0  0  0  0  0  0  0  0  0  0    
 3|     0  0  0  0  0  0  0  0  0  0  0  0    
 2|     0  0  0  0  0  0  0  0  0  0  0  0    
 1|     0  0  0  0  0  0  0  0  0  0  0  0    
 0|                                           

Maximum number of input pins per logic tile: 28
Average number of input pins per logic tile: 18.50

***** Run Time Info *****
Run Time:  0
